<?xml version="1.0" encoding="UTF-8"?>
<testsuite name="chloedev.serialization.DogTest" tests="1" skipped="0" failures="0" errors="0" timestamp="2020-09-16T21:41:16" hostname="MacBook-Pro.lan" time="0.007">
  <properties/>
  <testcase name="testSerializeToCsv" classname="chloedev.serialization.DogTest" time="0.007"/>
  <system-out><![CDATA[]]></system-out>
  <system-err><![CDATA[]]></system-err>
</testsuite>
